Arguments: 
  /usr/local/bin/node /usr/local/bin/yarn

PATH: 
  /usr/local/bin:/usr/bin:/bin:/usr/sbin:/sbin

Yarn version: 
  1.22.5

Node version: 
  12.18.4

Platform: 
  darwin x64

Trace: 
  Error: https://registry.yarnpkg.com/date-fns/-/date-fns-2.16.1.tgz: ESOCKETTIMEDOUT
      at ClientRequest.<anonymous> (/usr/local/lib/node_modules/yarn/lib/cli.js:141289:19)
      at Object.onceWrapper (events.js:421:28)
      at ClientRequest.emit (events.js:315:20)
      at TLSSocket.emitRequestTimeout (_http_client.js:709:9)
      at Object.onceWrapper (events.js:421:28)
      at TLSSocket.emit (events.js:327:22)
      at TLSSocket.Socket._onTimeout (net.js:482:8)
      at listOnTimeout (internal/timers.js:549:17)
      at processTimers (internal/timers.js:492:7)

npm manifest: 
  {
    "name": "virtual-event-starter-kit",
    "description": "Starter kit for your virtual event.",
    "private": true,
    "repository": "vercel/virtual-event-starter-kit",
    "author": "Vercel Inc.",
    "homepage": "https://demo.vercel.events",
    "license": "Apache-2.0",
    "engines": {
      "node": "12.x"
    },
    "scripts": {
      "dev": "next",
      "start": "next start",
      "build": "next build",
      "license": "addlicense -l apache -c 'Vercel Inc.' components/**/* lib/**/* pages/**/* styles/**/* *.ts *.js",
      "export": "next export"
    },
    "dependencies": {
      "@agility/content-fetch": "1.0.0",
      "@agility/content-sync": "0.1.23",
      "@culturehq/add-to-calendar": "^1.1.2",
      "@reach/skip-nav": "0.12.1",
      "chrome-aws-lambda": "5.5.0",
      "classnames": "2.2.6",
      "cookie": "0.4.1",
      "date-fns": "2.16.1",
      "date-fns-tz": "^1.1.1",
      "htmlescape": "1.1.1",
      "intersection-observer": "0.12.0",
      "ioredis": "4.19.4",
      "ms": "2.1.3",
      "next": "10.0.3",
      "nprogress": "0.2.0",
      "papaparse": "^5.3.0",
      "parse": "^2.19.0",
      "puppeteer-core": "5.5.0",
      "react": "17.0.1",
      "react-aria": "3.2.0",
      "react-dom": "17.0.1",
      "react-spinners": "^0.10.6",
      "react-switch": "^6.0.0",
      "react-toastify": "^6.2.0",
      "smoothscroll-polyfill": "0.4.4",
      "swr": "0.3.9",
      "validator": "13.5.2",
      "vanilla-tilt": "1.7.0"
    },
    "devDependencies": {
      "@types/classnames": "2.2.11",
      "@types/cookie": "0.4.0",
      "@types/htmlescape": "1.1.1",
      "@types/ioredis": "4.17.9",
      "@types/ms": "0.7.31",
      "@types/node": "12.19.8",
      "@types/nprogress": "0.2.0",
      "@types/puppeteer-core": "2.0.0",
      "@types/reach__skip-nav": "0.1.1",
      "@types/react": "17.0.0",
      "@types/smoothscroll-polyfill": "0.3.1",
      "@types/validator": "13.1.1",
      "@typescript-eslint/eslint-plugin": "4.10.0",
      "@typescript-eslint/parser": "4.10.0",
      "eslint": "7.15.0",
      "eslint-config-prettier": "7.0.0",
      "eslint-plugin-react": "7.21.5",
      "eslint-plugin-react-hooks": "4.2.0",
      "postcss-flexbugs-fixes": "5.0.2",
      "postcss-hover-media-feature": "1.0.0",
      "postcss-preset-env": "6.7.0",
      "prettier": "2.2.1",
      "typescript": "4.1.3"
    }
  }

yarn manifest: 
  No manifest

Lockfile: 
  No lockfile
